{
  "RSpec": {
    "coverage": {
      "/home/paulo/CA_sept/w14_final_project/wecare_api/app/controllers/application_controller.rb": [
        0,
        0
      ],
      "/home/paulo/CA_sept/w14_final_project/wecare_api/app/mailers/application_mailer.rb": [
        0,
        0,
        0,
        0
      ],
      "/home/paulo/CA_sept/w14_final_project/wecare_api/app/channels/application_cable/channel.rb": [
        0,
        0,
        0,
        0
      ],
      "/home/paulo/CA_sept/w14_final_project/wecare_api/app/channels/application_cable/connection.rb": [
        0,
        0,
        0,
        0
      ],
      "/home/paulo/CA_sept/w14_final_project/wecare_api/app/models/application_record.rb": [
        0,
        0,
        0
      ],
      "/home/paulo/CA_sept/w14_final_project/wecare_api/app/jobs/application_job.rb": [
        0,
        null,
        0
      ]
    },
    "timestamp": 1611655482
  }
}
